<?xml version="1.0" encoding="UTF-8"?>
<testsuite xmlns:xsi="http://www.w3.org/2001/XMLSchema-instance" xsi:noNamespaceSchemaLocation="https://maven.apache.org/surefire/maven-surefire-plugin/xsd/surefire-test-report.xsd" name="com.wallet.Sevice.WalletServiceImplTest" time="0.236" tests="6" errors="0" skipped="1" failures="0">
  <properties>
[...]
</properties>
  <testcase name="testCreateWallet" classname="com.wallet.Sevice.WalletServiceImplTest" time="0.034"/>
  <testcase name="testGetWalletById" classname="com.wallet.Sevice.WalletServiceImplTest" time="0.034"/>
  <testcase name="testUpdateWallet" classname="com.wallet.Sevice.WalletServiceImplTest" time="0.023"/>
  <testcase name="testDeleteWallet" classname="com.wallet.Sevice.WalletServiceImplTest" time="0.027"/>
  <testcase name="testGetAllWallet" classname="com.wallet.Sevice.WalletServiceImplTest" time="0.029"/>
  <testcase name="testGetWalletById2" classname="com.wallet.Sevice.WalletServiceImplTest" time="0">
    <skipped message="TODO: Complete this test"/>
    <system-out><![CDATA[21:56:31.963 [main] DEBUG org.springframework.test.context.cache.DefaultCacheAwareContextLoaderDelegate - Retrieved ApplicationContext [1764604500] from cache with key [[MergedContextConfiguration@341b13a8 testClass = WalletServiceImplTest, locations = '{}', classes = '{class com.wallet.Sevice.WalletServiceImpl}', contextInitializerClasses = '[]', activeProfiles = '{}', propertySourceLocations = '{}', propertySourceProperties = '{}', contextCustomizers = set[org.springframework.boot.test.context.filter.ExcludeFilterContextCustomizer@5f9b2141, org.springframework.boot.test.json.DuplicateJsonObjectContextCustomizerFactory$DuplicateJsonObjectContextCustomizer@50ad3bc1, org.springframework.boot.test.mock.mockito.MockitoContextCustomizer@ba0dc6d5, org.springframework.boot.test.autoconfigure.actuate.metrics.MetricsExportContextCustomizerFactory$DisableMetricExportContextCustomizer@5fbdfdcf, org.springframework.boot.test.autoconfigure.properties.PropertyMappingContextCustomizer@0, org.springframework.boot.test.autoconfigure.web.servlet.WebDriverContextCustomizerFactory$Customizer@5acf93bb], contextLoader = 'org.springframework.test.context.support.DelegatingSmartContextLoader', parent = [null]]]
21:56:31.963 [main] DEBUG org.springframework.test.context.cache - Spring test ApplicationContext cache statistics: [DefaultContextCache@4d33940d size = 2, maxSize = 32, parentContextCount = 0, hitCount = 108, missCount = 2]
21:56:31.963 [main] DEBUG org.springframework.test.context.support.DependencyInjectionTestExecutionListener - Performing dependency injection for test context [[DefaultTestContext@67507df testClass = WalletServiceImplTest, testInstance = com.wallet.Sevice.WalletServiceImplTest@57ad1178, testMethod = [null], testException = [null], mergedContextConfiguration = [MergedContextConfiguration@341b13a8 testClass = WalletServiceImplTest, locations = '{}', classes = '{class com.wallet.Sevice.WalletServiceImpl}', contextInitializerClasses = '[]', activeProfiles = '{}', propertySourceLocations = '{}', propertySourceProperties = '{}', contextCustomizers = set[org.springframework.boot.test.context.filter.ExcludeFilterContextCustomizer@5f9b2141, org.springframework.boot.test.json.DuplicateJsonObjectContextCustomizerFactory$DuplicateJsonObjectContextCustomizer@50ad3bc1, org.springframework.boot.test.mock.mockito.MockitoContextCustomizer@ba0dc6d5, org.springframework.boot.test.autoconfigure.actuate.metrics.MetricsExportContextCustomizerFactory$DisableMetricExportContextCustomizer@5fbdfdcf, org.springframework.boot.test.autoconfigure.properties.PropertyMappingContextCustomizer@0, org.springframework.boot.test.autoconfigure.web.servlet.WebDriverContextCustomizerFactory$Customizer@5acf93bb], contextLoader = 'org.springframework.test.context.support.DelegatingSmartContextLoader', parent = [null]], attributes = map['org.springframework.test.context.event.ApplicationEventsTestExecutionListener.recordApplicationEvents' -> false]]].
21:56:31.963 [main] DEBUG org.springframework.test.context.cache.DefaultCacheAwareContextLoaderDelegate - Retrieved ApplicationContext [1764604500] from cache with key [[MergedContextConfiguration@341b13a8 testClass = WalletServiceImplTest, locations = '{}', classes = '{class com.wallet.Sevice.WalletServiceImpl}', contextInitializerClasses = '[]', activeProfiles = '{}', propertySourceLocations = '{}', propertySourceProperties = '{}', contextCustomizers = set[org.springframework.boot.test.context.filter.ExcludeFilterContextCustomizer@5f9b2141, org.springframework.boot.test.json.DuplicateJsonObjectContextCustomizerFactory$DuplicateJsonObjectContextCustomizer@50ad3bc1, org.springframework.boot.test.mock.mockito.MockitoContextCustomizer@ba0dc6d5, org.springframework.boot.test.autoconfigure.actuate.metrics.MetricsExportContextCustomizerFactory$DisableMetricExportContextCustomizer@5fbdfdcf, org.springframework.boot.test.autoconfigure.properties.PropertyMappingContextCustomizer@0, org.springframework.boot.test.autoconfigure.web.servlet.WebDriverContextCustomizerFactory$Customizer@5acf93bb], contextLoader = 'org.springframework.test.context.support.DelegatingSmartContextLoader', parent = [null]]]
21:56:31.963 [main] DEBUG org.springframework.test.context.cache - Spring test ApplicationContext cache statistics: [DefaultContextCache@4d33940d size = 2, maxSize = 32, parentContextCount = 0, hitCount = 109, missCount = 2]
21:56:31.964 [main] DEBUG org.springframework.test.context.cache.DefaultCacheAwareContextLoaderDelegate - Retrieved ApplicationContext [1764604500] from cache with key [[MergedContextConfiguration@341b13a8 testClass = WalletServiceImplTest, locations = '{}', classes = '{class com.wallet.Sevice.WalletServiceImpl}', contextInitializerClasses = '[]', activeProfiles = '{}', propertySourceLocations = '{}', propertySourceProperties = '{}', contextCustomizers = set[org.springframework.boot.test.context.filter.ExcludeFilterContextCustomizer@5f9b2141, org.springframework.boot.test.json.DuplicateJsonObjectContextCustomizerFactory$DuplicateJsonObjectContextCustomizer@50ad3bc1, org.springframework.boot.test.mock.mockito.MockitoContextCustomizer@ba0dc6d5, org.springframework.boot.test.autoconfigure.actuate.metrics.MetricsExportContextCustomizerFactory$DisableMetricExportContextCustomizer@5fbdfdcf, org.springframework.boot.test.autoconfigure.properties.PropertyMappingContextCustomizer@0, org.springframework.boot.test.autoconfigure.web.servlet.WebDriverContextCustomizerFactory$Customizer@5acf93bb], contextLoader = 'org.springframework.test.context.support.DelegatingSmartContextLoader', parent = [null]]]
21:56:31.964 [main] DEBUG org.springframework.test.context.cache - Spring test ApplicationContext cache statistics: [DefaultContextCache@4d33940d size = 2, maxSize = 32, parentContextCount = 0, hitCount = 110, missCount = 2]
]]></system-out>
  </testcase>
</testsuite>